--- Iris version 0.9.7.8 log file	build 5121c26 ---
-- Started processing files at Sun Aug 11 10:07:48 AST 2024 --
-- Loaded user settings: -- 

{
  "SingleColony": false,
  "DebugMode": false,
  "profileSettings": [
    {
      "ProfileName": "Colony growth",
      "rotationSettings": {
        "autoRotateImage": false,
        "manualImageRotationDegrees": 0.0
      },
      "croppingSettings": {
        "UserCroppedImage": false,
        "UseFixedCropping": false,
        "FixedCropping_X_Start": 605,
        "FixedCropping_Y_Start": 330,
        "FixedCropping_X_End": 4190,
        "FixedCropping_Y_End": 2830
      },
      "segmentationSettings": {
        "ColonyBreathing": true,
        "ColonyBreathingSpace": 15
      },
      "detectionSettings": {
        "MinimumValidColonySize": 50,
        "MinimumValidColonyCircularity": 0.3
      }
    }
  ],
  "ArrayFormat": 1536
}

-----------------------------------------



Colony growth: unable to process picture DMSO-1%-1-1_C.JPG
Image segmentation algorithm failed:
	too many empty rows/columns

Colony growth: unable to process picture TETRACYCLINE-4ugml-1-1_A.JPG
Image segmentation algorithm failed:
	too many empty rows/columns
Clipboard:	too big distance encountered: 305

Colony growth: unable to process picture M9-GLUCOSE-1-1_C.JPG
Image segmentation algorithm failed:
	too many empty rows/columns

Colony growth: unable to process picture MERCUROCHROME-1%-1-1_A.JPG
Image segmentation algorithm failed:
	too many empty rows/columns

Colony growth: unable to process picture MERCUROCHROME-1%-1-1_C.JPG
Image segmentation algorithm failed:
	too many empty rows/columns
Clipboard:	too big distance encountered: 250

Colony growth: unable to process picture M9-GLUCOSE-1-1_A.JPG
Image segmentation algorithm failed:
	too many empty rows/columns

Colony growth: unable to process picture TETRACYCLINE-4ugml-1-1_C.JPG
Image segmentation algorithm failed:
	too many empty rows/columns

Colony growth: unable to process picture TETRACYCLINE-4ugml-1-1_B.JPG
Image segmentation algorithm failed:
	too many empty rows/columns

Colony growth: unable to process picture MERCUROCHROME-1%-1-1_B.JPG
Image segmentation algorithm failed:
	too many empty rows/columns

Colony growth: unable to process picture M9-GLUCOSE-1-1_D.JPG
Image segmentation algorithm failed:
	too many empty rows/columns

Colony growth: unable to process picture M9-GLUCOSE-1-1_E.JPG
Image segmentation algorithm failed:
	too many empty rows/columns

Colony growth: unable to process picture MERCUROCHROME-1%-1-1_E.JPG
Image segmentation algorithm failed:
	too many empty rows/columns

Colony growth: unable to process picture TETRACYCLINE-4ugml-1-1_E.JPG
Image segmentation algorithm failed:
	too many empty rows/columns

Colony growth: unable to process picture TETRACYCLINE-4ugml-1-1_D.JPG
Image segmentation algorithm failed:
	too many empty rows/columns

Colony growth: unable to process picture MERCUROCHROME-1%-1-1_D.JPG
Image segmentation algorithm failed:
	too many empty rows/columns

Colony growth: unable to process picture Chloramphenicol-16ugml-1-1_D.JPG
Image segmentation algorithm failed:
	too many empty rows/columns

Colony growth: unable to process picture COLISTIN-4ugml-1-1_D.JPG
Image segmentation algorithm failed:
	too many empty rows/columns

Colony growth: unable to process picture COLISTIN-4ugml-1-1_E.JPG
Image segmentation algorithm failed:
	too many empty rows/columns

Colony growth: unable to process picture COLISTIN-4ugml-1-1_A.JPG
Image segmentation algorithm failed:
	too many empty rows/columns

Colony growth: unable to process picture Chloramphenicol-8ugml-1-1_D.JPG
Image segmentation algorithm failed:
	too many empty rows/columns

Colony growth: unable to process picture COLISTIN-4ugml-1-1_B.JPG
Image segmentation algorithm failed:
	too many empty rows/columns

Colony growth: unable to process picture COLISTIN-4ugml-1-1_C.JPG
Image segmentation algorithm failed:
	too many empty rows/columns

Colony growth: unable to process picture DMSO10%-1-1_E.JPG
Image segmentation algorithm failed:
	too many empty rows/columns

Colony growth: unable to process picture DMSO10%-1-1_D.JPG
Image segmentation algorithm failed:
	too many empty rows/columns

Colony growth: unable to process picture TETRACYCLINE-8ugml-1-1_D.JPG
Image segmentation algorithm failed:
	too many empty rows/columns

Colony growth: unable to process picture TETRACYCLINE-8ugml-1-1_E.JPG
Image segmentation algorithm failed:
	too many empty rows/columns

Colony growth: unable to process picture TETRACYCLINE-8ugml-1-1_A.JPG
Image segmentation algorithm failed:
	too many empty rows/columns

Colony growth: unable to process picture DMSO10%-1-1_C.JPG
Image segmentation algorithm failed:
	too many empty rows/columns

Colony growth: unable to process picture DMSO10%-1-1_B.JPG
Image segmentation algorithm failed:
	too many empty rows/columns

Colony growth: unable to process picture TETRACYCLINE-8ugml-1-1_B.JPG
Image segmentation algorithm failed:
	too many empty rows/columns

Colony growth: unable to process picture DMSO10%-1-1_A.JPG
Image segmentation algorithm failed:
	too many empty rows/columns

Colony growth: unable to process picture TETRACYCLINE-8ugml-1-1_C.JPG
Image segmentation algorithm failed:
	too many empty rows/columns


-----------------------------------------
-- Done processing all files at Sun Aug 11 10:12:51 AST 2024 --
